<?xml version="1.0" encoding="UTF-8"?>
<!-- Generated by org.testng.reporters.JUnitReportReporter -->
<testsuite hostname="DESKTOP-GV6VD91" failures="0" tests="1" name="final_internal.final_internal.AmazonTest" time="96.962" errors="0" timestamp="2024-04-13T19:03:02 IST" skipped="0">
  <testcase classname="final_internal.final_internal.AmazonTest" name="testECommerceActivities" time="96.962"/>
</testsuite> <!-- final_internal.final_internal.AmazonTest -->
